c:\users\roxan_000\desktop\program\ubisoft\debug\spaceshooter.pch
c:\users\roxan_000\desktop\program\ubisoft\debug\vc120.pdb
c:\users\roxan_000\desktop\program\ubisoft\debug\vc120.idb
c:\users\roxan_000\desktop\program\ubisoft\debug\stdafx.obj
c:\users\roxan_000\desktop\program\ubisoft\debug\background.obj
c:\users\roxan_000\desktop\program\ubisoft\debug\enemymanager.obj
c:\users\roxan_000\desktop\program\ubisoft\debug\enemy.obj
c:\users\roxan_000\desktop\program\ubisoft\debug\enemymaster.obj
c:\users\roxan_000\desktop\program\ubisoft\debug\lifebar.obj
c:\users\roxan_000\desktop\program\ubisoft\debug\player.obj
c:\users\roxan_000\desktop\program\ubisoft\debug\projectile.obj
c:\users\roxan_000\desktop\program\ubisoft\debug\sprite.obj
c:\users\roxan_000\desktop\program\ubisoft\debug\stb_image.obj
c:\users\roxan_000\desktop\program\ubisoft\debug\main.obj
c:\users\roxan_000\desktop\program\ubisoft\debug\utils.obj
c:\users\roxan_000\desktop\program\ubisoft\debug\ubisoft.res
c:\users\roxan_000\desktop\program\debug\spaceshooter.pdb
c:\users\roxan_000\desktop\program\ubisoft\debug\spaceshooter.tlog\cl.command.1.tlog
c:\users\roxan_000\desktop\program\ubisoft\debug\spaceshooter.tlog\cl.read.1.tlog
c:\users\roxan_000\desktop\program\ubisoft\debug\spaceshooter.tlog\cl.write.1.tlog
c:\users\roxan_000\desktop\program\ubisoft\debug\spaceshooter.tlog\link.2408-cvtres.read.1.tlog
c:\users\roxan_000\desktop\program\ubisoft\debug\spaceshooter.tlog\link.2408-cvtres.write.1.tlog
c:\users\roxan_000\desktop\program\ubisoft\debug\spaceshooter.tlog\link.2408-rc.read.1.tlog
c:\users\roxan_000\desktop\program\ubisoft\debug\spaceshooter.tlog\link.2408-rc.write.1.tlog
c:\users\roxan_000\desktop\program\ubisoft\debug\spaceshooter.tlog\link.2408.read.1.tlog
c:\users\roxan_000\desktop\program\ubisoft\debug\spaceshooter.tlog\link.2408.write.1.tlog
c:\users\roxan_000\desktop\program\ubisoft\debug\spaceshooter.tlog\link.command.1.tlog
c:\users\roxan_000\desktop\program\ubisoft\debug\spaceshooter.tlog\link.read.1.tlog
c:\users\roxan_000\desktop\program\ubisoft\debug\spaceshooter.tlog\link.write.1.tlog
c:\users\roxan_000\desktop\program\ubisoft\debug\spaceshooter.tlog\rc.command.1.tlog
c:\users\roxan_000\desktop\program\ubisoft\debug\spaceshooter.tlog\rc.read.1.tlog
c:\users\roxan_000\desktop\program\ubisoft\debug\spaceshooter.tlog\rc.write.1.tlog
