Build started 7/12/2014 3:20:27 PM.
     1>Project "C:\Users\roxan_000\Desktop\Ubisoft\3DUPB-Ubisoft-master\Ubisoft\Ubisoft.vcxproj" on node 2 (Build target(s)).
     1>ClCompile:
         C:\Program Files (x86)\Microsoft Visual Studio 12.0\VC\bin\CL.exe /c /I"C:\Users\roxan_000\Desktop\Ubisoft\3DUPB-Ubisoft-master\/include" /ZI /nologo /W3 /WX- /sdl /Od /Oy- /D WIN32 /D _DEBUG /D _CONSOLE /D _CRT_SECURE_NO_WARNINGS /D _UNICODE /D UNICODE /Gm /EHsc /RTC1 /MDd /GS /fp:precise /Zc:wchar_t /Zc:forScope /Yu"stdafx.h" /Fp"Debug\Ubisoft.pch" /Fo"Debug\\" /Fd"Debug\vc120.pdb" /Gd /TP /analyze- /errorReport:prompt Enemy.cpp Ubisoft.cpp
         Ubisoft.cpp
     1>c:\users\roxan_000\desktop\ubisoft\3dupb-ubisoft-master\ubisoft\ubisoft.cpp(183): warning C4018: '<' : signed/unsigned mismatch
     1>c:\users\roxan_000\desktop\ubisoft\3dupb-ubisoft-master\ubisoft\ubisoft.cpp(195): warning C4018: '<' : signed/unsigned mismatch
     1>c:\users\roxan_000\desktop\ubisoft\3dupb-ubisoft-master\ubisoft\ubisoft.cpp(207): warning C4018: '<' : signed/unsigned mismatch
         Enemy.cpp
     1>c:\users\roxan_000\desktop\ubisoft\3dupb-ubisoft-master\ubisoft\enemy.cpp(24): warning C4244: 'argument' : conversion from 'time_t' to 'unsigned int', possible loss of data
         Generating Code...
       Link:
         C:\Program Files (x86)\Microsoft Visual Studio 12.0\VC\bin\link.exe /ERRORREPORT:PROMPT /OUT:"C:\Users\roxan_000\Desktop\Ubisoft\3DUPB-Ubisoft-master\Debug\Ubisoft.exe" /INCREMENTAL /NOLOGO /LIBPATH:"C:\Users\roxan_000\Desktop\Ubisoft\3DUPB-Ubisoft-master\/lib/x86" glew32.lib glfw3dll.lib opengl32.lib kernel32.lib user32.lib gdi32.lib winspool.lib comdlg32.lib advapi32.lib shell32.lib ole32.lib oleaut32.lib uuid.lib odbc32.lib odbccp32.lib /MANIFEST /MANIFESTUAC:"level='asInvoker' uiAccess='false'" /manifest:embed /DEBUG /PDB:"C:\Users\roxan_000\Desktop\Ubisoft\3DUPB-Ubisoft-master\Debug\Ubisoft.pdb" /SUBSYSTEM:CONSOLE /TLBID:1 /DYNAMICBASE /NXCOMPAT /IMPLIB:"C:\Users\roxan_000\Desktop\Ubisoft\3DUPB-Ubisoft-master\Debug\Ubisoft.lib" /MACHINE:X86 Debug\Ubisoft.res
         Debug\Enemy.obj
         Debug\Player.obj
         Debug\Sprite.obj
         Debug\SpriteManager.obj
         Debug\stb_image.obj
         Debug\stdafx.obj
         Debug\Ubisoft.obj
         Ubisoft.vcxproj -> C:\Users\roxan_000\Desktop\Ubisoft\3DUPB-Ubisoft-master\Debug\Ubisoft.exe
     1>Done Building Project "C:\Users\roxan_000\Desktop\Ubisoft\3DUPB-Ubisoft-master\Ubisoft\Ubisoft.vcxproj" (Build target(s)).

Build succeeded.

Time Elapsed 00:00:06.38
